[INFO  - 2019-04-25T11:35:10.170Z] GhostDriver - Main - running on port 58367
[INFO  - 2019-04-25T11:35:14.625Z] Session [3170d920-674e-11e9-9417-41374ba08e66] - page.settings - {"XSSAuditingEnabled":false,"javascriptCanCloseWindows":true,"javascriptCanOpenWindows":true,"javascriptEnabled":true,"loadImages":true,"localToRemoteUrlAccessEnabled":false,"userAgent":"Mozilla/5.0 (Windows NT 6.2; WOW64) AppleWebKit/538.1 (KHTML, like Gecko) PhantomJS/2.1.1 Safari/538.1","webSecurityEnabled":true}
[INFO  - 2019-04-25T11:35:14.625Z] Session [3170d920-674e-11e9-9417-41374ba08e66] - page.customHeaders:  - {}
[INFO  - 2019-04-25T11:35:14.625Z] Session [3170d920-674e-11e9-9417-41374ba08e66] - Session.negotiatedCapabilities - {"browserName":"phantomjs","version":"2.1.1","driverName":"ghostdriver","driverVersion":"1.2.0","platform":"windows-10-32bit","javascriptEnabled":true,"takesScreenshot":true,"handlesAlerts":false,"databaseEnabled":false,"locationContextEnabled":false,"applicationCacheEnabled":false,"browserConnectionEnabled":false,"cssSelectorsEnabled":true,"webStorageEnabled":false,"rotatable":false,"acceptSslCerts":false,"nativeEvents":true,"proxy":{"proxyType":"direct"}}
[INFO  - 2019-04-25T11:35:14.625Z] SessionManagerReqHand - _postNewSessionCommand - New Session Created: 3170d920-674e-11e9-9417-41374ba08e66
[ERROR - 2019-04-25T11:35:18.478Z] Session [3170d920-674e-11e9-9417-41374ba08e66] - page.onError - msg: TypeError: undefined is not an object (evaluating 'searchToggle.length')

  phantomjs://platform/console++.js:263 in error
[ERROR - 2019-04-25T11:35:18.478Z] Session [3170d920-674e-11e9-9417-41374ba08e66] - page.onError - stack:
  spSearchMenu (https://store-tsutaya.tsite.jp/library/media/cosmo/cosmo_common/scripts/header.js:9)
  (anonymous function) (https://store-tsutaya.tsite.jp/library/media/cosmo/cosmo_common/scripts/header.js:71)

  phantomjs://platform/console++.js:263 in error
[ERROR - 2019-04-25T11:35:37.024Z] Session [3170d920-674e-11e9-9417-41374ba08e66] - page.onError - msg: TypeError: undefined is not an object (evaluating 'searchToggle.length')

  phantomjs://platform/console++.js:263 in error
[ERROR - 2019-04-25T11:35:37.024Z] Session [3170d920-674e-11e9-9417-41374ba08e66] - page.onError - stack:
  spSearchMenu (https://store-tsutaya.tsite.jp/library/media/cosmo/cosmo_common/scripts/header.js:9)
  (anonymous function) (https://store-tsutaya.tsite.jp/library/media/cosmo/cosmo_common/scripts/header.js:71)

  phantomjs://platform/console++.js:263 in error
[ERROR - 2019-04-25T11:35:40.384Z] Session [3170d920-674e-11e9-9417-41374ba08e66] - page.onError - msg: TypeError: undefined is not an object (evaluating 'searchToggle.length')

  phantomjs://platform/console++.js:263 in error
[ERROR - 2019-04-25T11:35:40.384Z] Session [3170d920-674e-11e9-9417-41374ba08e66] - page.onError - stack:
  spSearchMenu (https://store-tsutaya.tsite.jp/library/media/cosmo/cosmo_common/scripts/header.js:9)
  (anonymous function) (https://store-tsutaya.tsite.jp/library/media/cosmo/cosmo_common/scripts/header.js:71)

  phantomjs://platform/console++.js:263 in error
[ERROR - 2019-04-25T11:35:43.243Z] Session [3170d920-674e-11e9-9417-41374ba08e66] - page.onError - msg: TypeError: undefined is not an object (evaluating 'searchToggle.length')

  phantomjs://platform/console++.js:263 in error
[ERROR - 2019-04-25T11:35:43.243Z] Session [3170d920-674e-11e9-9417-41374ba08e66] - page.onError - stack:
  spSearchMenu (https://store-tsutaya.tsite.jp/library/media/cosmo/cosmo_common/scripts/header.js:9)
  (anonymous function) (https://store-tsutaya.tsite.jp/library/media/cosmo/cosmo_common/scripts/header.js:71)

  phantomjs://platform/console++.js:263 in error
[ERROR - 2019-04-25T11:35:46.425Z] Session [3170d920-674e-11e9-9417-41374ba08e66] - page.onError - msg: TypeError: undefined is not an object (evaluating 'searchToggle.length')

  phantomjs://platform/console++.js:263 in error
[ERROR - 2019-04-25T11:35:46.425Z] Session [3170d920-674e-11e9-9417-41374ba08e66] - page.onError - stack:
  spSearchMenu (https://store-tsutaya.tsite.jp/library/media/cosmo/cosmo_common/scripts/header.js:9)
  (anonymous function) (https://store-tsutaya.tsite.jp/library/media/cosmo/cosmo_common/scripts/header.js:71)

  phantomjs://platform/console++.js:263 in error
[ERROR - 2019-04-25T11:35:49.588Z] Session [3170d920-674e-11e9-9417-41374ba08e66] - page.onError - msg: TypeError: undefined is not an object (evaluating 'searchToggle.length')

  phantomjs://platform/console++.js:263 in error
[ERROR - 2019-04-25T11:35:49.588Z] Session [3170d920-674e-11e9-9417-41374ba08e66] - page.onError - stack:
  spSearchMenu (https://store-tsutaya.tsite.jp/library/media/cosmo/cosmo_common/scripts/header.js:9)
  (anonymous function) (https://store-tsutaya.tsite.jp/library/media/cosmo/cosmo_common/scripts/header.js:71)

  phantomjs://platform/console++.js:263 in error
[ERROR - 2019-04-25T11:35:52.630Z] Session [3170d920-674e-11e9-9417-41374ba08e66] - page.onError - msg: TypeError: undefined is not an object (evaluating 'searchToggle.length')

  phantomjs://platform/console++.js:263 in error
[ERROR - 2019-04-25T11:35:52.630Z] Session [3170d920-674e-11e9-9417-41374ba08e66] - page.onError - stack:
  spSearchMenu (https://store-tsutaya.tsite.jp/library/media/cosmo/cosmo_common/scripts/header.js:9)
  (anonymous function) (https://store-tsutaya.tsite.jp/library/media/cosmo/cosmo_common/scripts/header.js:71)

  phantomjs://platform/console++.js:263 in error
[ERROR - 2019-04-25T11:35:55.902Z] Session [3170d920-674e-11e9-9417-41374ba08e66] - page.onError - msg: TypeError: undefined is not an object (evaluating 'searchToggle.length')

  phantomjs://platform/console++.js:263 in error
[ERROR - 2019-04-25T11:35:55.902Z] Session [3170d920-674e-11e9-9417-41374ba08e66] - page.onError - stack:
  spSearchMenu (https://store-tsutaya.tsite.jp/library/media/cosmo/cosmo_common/scripts/header.js:9)
  (anonymous function) (https://store-tsutaya.tsite.jp/library/media/cosmo/cosmo_common/scripts/header.js:71)

  phantomjs://platform/console++.js:263 in error
[ERROR - 2019-04-25T11:35:58.922Z] Session [3170d920-674e-11e9-9417-41374ba08e66] - page.onError - msg: TypeError: undefined is not an object (evaluating 'searchToggle.length')

  phantomjs://platform/console++.js:263 in error
[ERROR - 2019-04-25T11:35:58.922Z] Session [3170d920-674e-11e9-9417-41374ba08e66] - page.onError - stack:
  spSearchMenu (https://store-tsutaya.tsite.jp/library/media/cosmo/cosmo_common/scripts/header.js:9)
  (anonymous function) (https://store-tsutaya.tsite.jp/library/media/cosmo/cosmo_common/scripts/header.js:71)

  phantomjs://platform/console++.js:263 in error
[ERROR - 2019-04-25T11:36:02.528Z] Session [3170d920-674e-11e9-9417-41374ba08e66] - page.onError - msg: TypeError: undefined is not an object (evaluating 'searchToggle.length')

  phantomjs://platform/console++.js:263 in error
[ERROR - 2019-04-25T11:36:02.528Z] Session [3170d920-674e-11e9-9417-41374ba08e66] - page.onError - stack:
  spSearchMenu (https://store-tsutaya.tsite.jp/library/media/cosmo/cosmo_common/scripts/header.js:9)
  (anonymous function) (https://store-tsutaya.tsite.jp/library/media/cosmo/cosmo_common/scripts/header.js:71)

  phantomjs://platform/console++.js:263 in error
[ERROR - 2019-04-25T11:36:05.487Z] Session [3170d920-674e-11e9-9417-41374ba08e66] - page.onError - msg: TypeError: undefined is not an object (evaluating 'searchToggle.length')

  phantomjs://platform/console++.js:263 in error
[ERROR - 2019-04-25T11:36:05.487Z] Session [3170d920-674e-11e9-9417-41374ba08e66] - page.onError - stack:
  spSearchMenu (https://store-tsutaya.tsite.jp/library/media/cosmo/cosmo_common/scripts/header.js:9)
  (anonymous function) (https://store-tsutaya.tsite.jp/library/media/cosmo/cosmo_common/scripts/header.js:71)

  phantomjs://platform/console++.js:263 in error
[ERROR - 2019-04-25T11:36:08.573Z] Session [3170d920-674e-11e9-9417-41374ba08e66] - page.onError - msg: TypeError: undefined is not an object (evaluating 'searchToggle.length')

  phantomjs://platform/console++.js:263 in error
[ERROR - 2019-04-25T11:36:08.574Z] Session [3170d920-674e-11e9-9417-41374ba08e66] - page.onError - stack:
  spSearchMenu (https://store-tsutaya.tsite.jp/library/media/cosmo/cosmo_common/scripts/header.js:9)
  (anonymous function) (https://store-tsutaya.tsite.jp/library/media/cosmo/cosmo_common/scripts/header.js:71)

  phantomjs://platform/console++.js:263 in error
[ERROR - 2019-04-25T11:36:12.458Z] Session [3170d920-674e-11e9-9417-41374ba08e66] - page.onError - msg: TypeError: undefined is not an object (evaluating 'searchToggle.length')

  phantomjs://platform/console++.js:263 in error
[ERROR - 2019-04-25T11:36:12.459Z] Session [3170d920-674e-11e9-9417-41374ba08e66] - page.onError - stack:
  spSearchMenu (https://store-tsutaya.tsite.jp/library/media/cosmo/cosmo_common/scripts/header.js:9)
  (anonymous function) (https://store-tsutaya.tsite.jp/library/media/cosmo/cosmo_common/scripts/header.js:71)

  phantomjs://platform/console++.js:263 in error
[ERROR - 2019-04-25T11:36:15.745Z] Session [3170d920-674e-11e9-9417-41374ba08e66] - page.onError - msg: TypeError: undefined is not an object (evaluating 'searchToggle.length')

  phantomjs://platform/console++.js:263 in error
[ERROR - 2019-04-25T11:36:15.745Z] Session [3170d920-674e-11e9-9417-41374ba08e66] - page.onError - stack:
  spSearchMenu (https://store-tsutaya.tsite.jp/library/media/cosmo/cosmo_common/scripts/header.js:9)
  (anonymous function) (https://store-tsutaya.tsite.jp/library/media/cosmo/cosmo_common/scripts/header.js:71)

  phantomjs://platform/console++.js:263 in error
[ERROR - 2019-04-25T11:36:18.678Z] Session [3170d920-674e-11e9-9417-41374ba08e66] - page.onError - msg: TypeError: undefined is not an object (evaluating 'searchToggle.length')

  phantomjs://platform/console++.js:263 in error
[ERROR - 2019-04-25T11:36:18.679Z] Session [3170d920-674e-11e9-9417-41374ba08e66] - page.onError - stack:
  spSearchMenu (https://store-tsutaya.tsite.jp/library/media/cosmo/cosmo_common/scripts/header.js:9)
  (anonymous function) (https://store-tsutaya.tsite.jp/library/media/cosmo/cosmo_common/scripts/header.js:71)

  phantomjs://platform/console++.js:263 in error
[ERROR - 2019-04-25T11:36:22.746Z] Session [3170d920-674e-11e9-9417-41374ba08e66] - page.onError - msg: TypeError: undefined is not an object (evaluating 'searchToggle.length')

  phantomjs://platform/console++.js:263 in error
[ERROR - 2019-04-25T11:36:22.746Z] Session [3170d920-674e-11e9-9417-41374ba08e66] - page.onError - stack:
  spSearchMenu (https://store-tsutaya.tsite.jp/library/media/cosmo/cosmo_common/scripts/header.js:9)
  (anonymous function) (https://store-tsutaya.tsite.jp/library/media/cosmo/cosmo_common/scripts/header.js:71)

  phantomjs://platform/console++.js:263 in error
[ERROR - 2019-04-25T11:36:25.849Z] Session [3170d920-674e-11e9-9417-41374ba08e66] - page.onError - msg: TypeError: undefined is not an object (evaluating 'searchToggle.length')

  phantomjs://platform/console++.js:263 in error
[ERROR - 2019-04-25T11:36:25.849Z] Session [3170d920-674e-11e9-9417-41374ba08e66] - page.onError - stack:
  spSearchMenu (https://store-tsutaya.tsite.jp/library/media/cosmo/cosmo_common/scripts/header.js:9)
  (anonymous function) (https://store-tsutaya.tsite.jp/library/media/cosmo/cosmo_common/scripts/header.js:71)

  phantomjs://platform/console++.js:263 in error
[ERROR - 2019-04-25T11:36:29.234Z] Session [3170d920-674e-11e9-9417-41374ba08e66] - page.onError - msg: TypeError: undefined is not an object (evaluating 'searchToggle.length')

  phantomjs://platform/console++.js:263 in error
[ERROR - 2019-04-25T11:36:29.234Z] Session [3170d920-674e-11e9-9417-41374ba08e66] - page.onError - stack:
  spSearchMenu (https://store-tsutaya.tsite.jp/library/media/cosmo/cosmo_common/scripts/header.js:9)
  (anonymous function) (https://store-tsutaya.tsite.jp/library/media/cosmo/cosmo_common/scripts/header.js:71)

  phantomjs://platform/console++.js:263 in error
[ERROR - 2019-04-25T11:36:32.426Z] Session [3170d920-674e-11e9-9417-41374ba08e66] - page.onError - msg: TypeError: undefined is not an object (evaluating 'searchToggle.length')

  phantomjs://platform/console++.js:263 in error
[ERROR - 2019-04-25T11:36:32.426Z] Session [3170d920-674e-11e9-9417-41374ba08e66] - page.onError - stack:
  spSearchMenu (https://store-tsutaya.tsite.jp/library/media/cosmo/cosmo_common/scripts/header.js:9)
  (anonymous function) (https://store-tsutaya.tsite.jp/library/media/cosmo/cosmo_common/scripts/header.js:71)

  phantomjs://platform/console++.js:263 in error
[ERROR - 2019-04-25T11:36:35.187Z] Session [3170d920-674e-11e9-9417-41374ba08e66] - page.onError - msg: TypeError: undefined is not an object (evaluating 'searchToggle.length')

  phantomjs://platform/console++.js:263 in error
[ERROR - 2019-04-25T11:36:35.187Z] Session [3170d920-674e-11e9-9417-41374ba08e66] - page.onError - stack:
  spSearchMenu (https://store-tsutaya.tsite.jp/library/media/cosmo/cosmo_common/scripts/header.js:9)
  (anonymous function) (https://store-tsutaya.tsite.jp/library/media/cosmo/cosmo_common/scripts/header.js:71)

  phantomjs://platform/console++.js:263 in error
[ERROR - 2019-04-25T11:36:38.293Z] Session [3170d920-674e-11e9-9417-41374ba08e66] - page.onError - msg: TypeError: undefined is not an object (evaluating 'searchToggle.length')

  phantomjs://platform/console++.js:263 in error
[ERROR - 2019-04-25T11:36:38.293Z] Session [3170d920-674e-11e9-9417-41374ba08e66] - page.onError - stack:
  spSearchMenu (https://store-tsutaya.tsite.jp/library/media/cosmo/cosmo_common/scripts/header.js:9)
  (anonymous function) (https://store-tsutaya.tsite.jp/library/media/cosmo/cosmo_common/scripts/header.js:71)

  phantomjs://platform/console++.js:263 in error
[ERROR - 2019-04-25T11:36:50.515Z] Session [3170d920-674e-11e9-9417-41374ba08e66] - page.onError - msg: TypeError: undefined is not an object (evaluating 'searchToggle.length')

  phantomjs://platform/console++.js:263 in error
[ERROR - 2019-04-25T11:36:50.515Z] Session [3170d920-674e-11e9-9417-41374ba08e66] - page.onError - stack:
  spSearchMenu (https://store-tsutaya.tsite.jp/library/media/cosmo/cosmo_common/scripts/header.js:9)
  (anonymous function) (https://store-tsutaya.tsite.jp/library/media/cosmo/cosmo_common/scripts/header.js:71)

  phantomjs://platform/console++.js:263 in error
[ERROR - 2019-04-25T11:36:53.715Z] Session [3170d920-674e-11e9-9417-41374ba08e66] - page.onError - msg: TypeError: undefined is not an object (evaluating 'searchToggle.length')

  phantomjs://platform/console++.js:263 in error
[ERROR - 2019-04-25T11:36:53.715Z] Session [3170d920-674e-11e9-9417-41374ba08e66] - page.onError - stack:
  spSearchMenu (https://store-tsutaya.tsite.jp/library/media/cosmo/cosmo_common/scripts/header.js:9)
  (anonymous function) (https://store-tsutaya.tsite.jp/library/media/cosmo/cosmo_common/scripts/header.js:71)

  phantomjs://platform/console++.js:263 in error
[ERROR - 2019-04-25T11:36:56.566Z] Session [3170d920-674e-11e9-9417-41374ba08e66] - page.onError - msg: TypeError: undefined is not an object (evaluating 'searchToggle.length')

  phantomjs://platform/console++.js:263 in error
[ERROR - 2019-04-25T11:36:56.566Z] Session [3170d920-674e-11e9-9417-41374ba08e66] - page.onError - stack:
  spSearchMenu (https://store-tsutaya.tsite.jp/library/media/cosmo/cosmo_common/scripts/header.js:9)
  (anonymous function) (https://store-tsutaya.tsite.jp/library/media/cosmo/cosmo_common/scripts/header.js:71)

  phantomjs://platform/console++.js:263 in error
[ERROR - 2019-04-25T11:36:59.685Z] Session [3170d920-674e-11e9-9417-41374ba08e66] - page.onError - msg: TypeError: undefined is not an object (evaluating 'searchToggle.length')

  phantomjs://platform/console++.js:263 in error
[ERROR - 2019-04-25T11:36:59.685Z] Session [3170d920-674e-11e9-9417-41374ba08e66] - page.onError - stack:
  spSearchMenu (https://store-tsutaya.tsite.jp/library/media/cosmo/cosmo_common/scripts/header.js:9)
  (anonymous function) (https://store-tsutaya.tsite.jp/library/media/cosmo/cosmo_common/scripts/header.js:71)

  phantomjs://platform/console++.js:263 in error
[ERROR - 2019-04-25T11:37:03.777Z] Session [3170d920-674e-11e9-9417-41374ba08e66] - page.onError - msg: TypeError: undefined is not an object (evaluating 'searchToggle.length')

  phantomjs://platform/console++.js:263 in error
[ERROR - 2019-04-25T11:37:03.777Z] Session [3170d920-674e-11e9-9417-41374ba08e66] - page.onError - stack:
  spSearchMenu (https://store-tsutaya.tsite.jp/library/media/cosmo/cosmo_common/scripts/header.js:9)
  (anonymous function) (https://store-tsutaya.tsite.jp/library/media/cosmo/cosmo_common/scripts/header.js:71)

  phantomjs://platform/console++.js:263 in error
[ERROR - 2019-04-25T11:37:06.544Z] Session [3170d920-674e-11e9-9417-41374ba08e66] - page.onError - msg: TypeError: undefined is not an object (evaluating 'searchToggle.length')

  phantomjs://platform/console++.js:263 in error
[ERROR - 2019-04-25T11:37:06.544Z] Session [3170d920-674e-11e9-9417-41374ba08e66] - page.onError - stack:
  spSearchMenu (https://store-tsutaya.tsite.jp/library/media/cosmo/cosmo_common/scripts/header.js:9)
  (anonymous function) (https://store-tsutaya.tsite.jp/library/media/cosmo/cosmo_common/scripts/header.js:71)

  phantomjs://platform/console++.js:263 in error
[ERROR - 2019-04-25T11:37:10.116Z] Session [3170d920-674e-11e9-9417-41374ba08e66] - page.onError - msg: TypeError: undefined is not an object (evaluating 'searchToggle.length')

  phantomjs://platform/console++.js:263 in error
[ERROR - 2019-04-25T11:37:10.116Z] Session [3170d920-674e-11e9-9417-41374ba08e66] - page.onError - stack:
  spSearchMenu (https://store-tsutaya.tsite.jp/library/media/cosmo/cosmo_common/scripts/header.js:9)
  (anonymous function) (https://store-tsutaya.tsite.jp/library/media/cosmo/cosmo_common/scripts/header.js:71)

  phantomjs://platform/console++.js:263 in error
[ERROR - 2019-04-25T11:37:13.359Z] Session [3170d920-674e-11e9-9417-41374ba08e66] - page.onError - msg: TypeError: undefined is not an object (evaluating 'searchToggle.length')

  phantomjs://platform/console++.js:263 in error
[ERROR - 2019-04-25T11:37:13.359Z] Session [3170d920-674e-11e9-9417-41374ba08e66] - page.onError - stack:
  spSearchMenu (https://store-tsutaya.tsite.jp/library/media/cosmo/cosmo_common/scripts/header.js:9)
  (anonymous function) (https://store-tsutaya.tsite.jp/library/media/cosmo/cosmo_common/scripts/header.js:71)

  phantomjs://platform/console++.js:263 in error
[ERROR - 2019-04-25T11:37:16.416Z] Session [3170d920-674e-11e9-9417-41374ba08e66] - page.onError - msg: TypeError: undefined is not an object (evaluating 'searchToggle.length')

  phantomjs://platform/console++.js:263 in error
[ERROR - 2019-04-25T11:37:16.416Z] Session [3170d920-674e-11e9-9417-41374ba08e66] - page.onError - stack:
  spSearchMenu (https://store-tsutaya.tsite.jp/library/media/cosmo/cosmo_common/scripts/header.js:9)
  (anonymous function) (https://store-tsutaya.tsite.jp/library/media/cosmo/cosmo_common/scripts/header.js:71)

  phantomjs://platform/console++.js:263 in error
[ERROR - 2019-04-25T11:37:20.096Z] Session [3170d920-674e-11e9-9417-41374ba08e66] - page.onError - msg: TypeError: undefined is not an object (evaluating 'searchToggle.length')

  phantomjs://platform/console++.js:263 in error
[ERROR - 2019-04-25T11:37:20.096Z] Session [3170d920-674e-11e9-9417-41374ba08e66] - page.onError - stack:
  spSearchMenu (https://store-tsutaya.tsite.jp/library/media/cosmo/cosmo_common/scripts/header.js:9)
  (anonymous function) (https://store-tsutaya.tsite.jp/library/media/cosmo/cosmo_common/scripts/header.js:71)

  phantomjs://platform/console++.js:263 in error
[ERROR - 2019-04-25T11:37:23.440Z] Session [3170d920-674e-11e9-9417-41374ba08e66] - page.onError - msg: TypeError: undefined is not an object (evaluating 'searchToggle.length')

  phantomjs://platform/console++.js:263 in error
[ERROR - 2019-04-25T11:37:23.440Z] Session [3170d920-674e-11e9-9417-41374ba08e66] - page.onError - stack:
  spSearchMenu (https://store-tsutaya.tsite.jp/library/media/cosmo/cosmo_common/scripts/header.js:9)
  (anonymous function) (https://store-tsutaya.tsite.jp/library/media/cosmo/cosmo_common/scripts/header.js:71)

  phantomjs://platform/console++.js:263 in error
[ERROR - 2019-04-25T11:37:26.386Z] Session [3170d920-674e-11e9-9417-41374ba08e66] - page.onError - msg: TypeError: undefined is not an object (evaluating 'searchToggle.length')

  phantomjs://platform/console++.js:263 in error
[ERROR - 2019-04-25T11:37:26.386Z] Session [3170d920-674e-11e9-9417-41374ba08e66] - page.onError - stack:
  spSearchMenu (https://store-tsutaya.tsite.jp/library/media/cosmo/cosmo_common/scripts/header.js:9)
  (anonymous function) (https://store-tsutaya.tsite.jp/library/media/cosmo/cosmo_common/scripts/header.js:71)

  phantomjs://platform/console++.js:263 in error
[ERROR - 2019-04-25T11:37:30.690Z] Session [3170d920-674e-11e9-9417-41374ba08e66] - page.onError - msg: TypeError: undefined is not an object (evaluating 'searchToggle.length')

  phantomjs://platform/console++.js:263 in error
[ERROR - 2019-04-25T11:37:30.690Z] Session [3170d920-674e-11e9-9417-41374ba08e66] - page.onError - stack:
  spSearchMenu (https://store-tsutaya.tsite.jp/library/media/cosmo/cosmo_common/scripts/header.js:9)
  (anonymous function) (https://store-tsutaya.tsite.jp/library/media/cosmo/cosmo_common/scripts/header.js:71)

  phantomjs://platform/console++.js:263 in error
[ERROR - 2019-04-25T11:37:34.475Z] Session [3170d920-674e-11e9-9417-41374ba08e66] - page.onError - msg: TypeError: undefined is not an object (evaluating 'searchToggle.length')

  phantomjs://platform/console++.js:263 in error
[ERROR - 2019-04-25T11:37:34.476Z] Session [3170d920-674e-11e9-9417-41374ba08e66] - page.onError - stack:
  spSearchMenu (https://store-tsutaya.tsite.jp/library/media/cosmo/cosmo_common/scripts/header.js:9)
  (anonymous function) (https://store-tsutaya.tsite.jp/library/media/cosmo/cosmo_common/scripts/header.js:71)

  phantomjs://platform/console++.js:263 in error
[ERROR - 2019-04-25T11:37:37.792Z] Session [3170d920-674e-11e9-9417-41374ba08e66] - page.onError - msg: TypeError: undefined is not an object (evaluating 'searchToggle.length')

  phantomjs://platform/console++.js:263 in error
[ERROR - 2019-04-25T11:37:37.792Z] Session [3170d920-674e-11e9-9417-41374ba08e66] - page.onError - stack:
  spSearchMenu (https://store-tsutaya.tsite.jp/library/media/cosmo/cosmo_common/scripts/header.js:9)
  (anonymous function) (https://store-tsutaya.tsite.jp/library/media/cosmo/cosmo_common/scripts/header.js:71)

  phantomjs://platform/console++.js:263 in error
[ERROR - 2019-04-25T11:37:41.111Z] Session [3170d920-674e-11e9-9417-41374ba08e66] - page.onError - msg: TypeError: undefined is not an object (evaluating 'searchToggle.length')

  phantomjs://platform/console++.js:263 in error
[ERROR - 2019-04-25T11:37:41.111Z] Session [3170d920-674e-11e9-9417-41374ba08e66] - page.onError - stack:
  spSearchMenu (https://store-tsutaya.tsite.jp/library/media/cosmo/cosmo_common/scripts/header.js:9)
  (anonymous function) (https://store-tsutaya.tsite.jp/library/media/cosmo/cosmo_common/scripts/header.js:71)

  phantomjs://platform/console++.js:263 in error
[ERROR - 2019-04-25T11:37:44.283Z] Session [3170d920-674e-11e9-9417-41374ba08e66] - page.onError - msg: TypeError: undefined is not an object (evaluating 'searchToggle.length')

  phantomjs://platform/console++.js:263 in error
[ERROR - 2019-04-25T11:37:44.283Z] Session [3170d920-674e-11e9-9417-41374ba08e66] - page.onError - stack:
  spSearchMenu (https://store-tsutaya.tsite.jp/library/media/cosmo/cosmo_common/scripts/header.js:9)
  (anonymous function) (https://store-tsutaya.tsite.jp/library/media/cosmo/cosmo_common/scripts/header.js:71)

  phantomjs://platform/console++.js:263 in error
[ERROR - 2019-04-25T11:37:47.348Z] Session [3170d920-674e-11e9-9417-41374ba08e66] - page.onError - msg: TypeError: undefined is not an object (evaluating 'searchToggle.length')

  phantomjs://platform/console++.js:263 in error
[ERROR - 2019-04-25T11:37:47.348Z] Session [3170d920-674e-11e9-9417-41374ba08e66] - page.onError - stack:
  spSearchMenu (https://store-tsutaya.tsite.jp/library/media/cosmo/cosmo_common/scripts/header.js:9)
  (anonymous function) (https://store-tsutaya.tsite.jp/library/media/cosmo/cosmo_common/scripts/header.js:71)

  phantomjs://platform/console++.js:263 in error
[ERROR - 2019-04-25T11:37:50.798Z] Session [3170d920-674e-11e9-9417-41374ba08e66] - page.onError - msg: TypeError: undefined is not an object (evaluating 'searchToggle.length')

  phantomjs://platform/console++.js:263 in error
[ERROR - 2019-04-25T11:37:50.799Z] Session [3170d920-674e-11e9-9417-41374ba08e66] - page.onError - stack:
  spSearchMenu (https://store-tsutaya.tsite.jp/library/media/cosmo/cosmo_common/scripts/header.js:9)
  (anonymous function) (https://store-tsutaya.tsite.jp/library/media/cosmo/cosmo_common/scripts/header.js:71)

  phantomjs://platform/console++.js:263 in error
[ERROR - 2019-04-25T11:37:57.064Z] Session [3170d920-674e-11e9-9417-41374ba08e66] - page.onError - msg: TypeError: undefined is not an object (evaluating 'searchToggle.length')

  phantomjs://platform/console++.js:263 in error
[ERROR - 2019-04-25T11:37:57.064Z] Session [3170d920-674e-11e9-9417-41374ba08e66] - page.onError - stack:
  spSearchMenu (https://store-tsutaya.tsite.jp/library/media/cosmo/cosmo_common/scripts/header.js:9)
  (anonymous function) (https://store-tsutaya.tsite.jp/library/media/cosmo/cosmo_common/scripts/header.js:71)

  phantomjs://platform/console++.js:263 in error
[ERROR - 2019-04-25T11:38:05.219Z] Session [3170d920-674e-11e9-9417-41374ba08e66] - page.onError - msg: TypeError: undefined is not an object (evaluating 'searchToggle.length')

  phantomjs://platform/console++.js:263 in error
[ERROR - 2019-04-25T11:38:05.220Z] Session [3170d920-674e-11e9-9417-41374ba08e66] - page.onError - stack:
  spSearchMenu (https://store-tsutaya.tsite.jp/library/media/cosmo/cosmo_common/scripts/header.js:9)
  (anonymous function) (https://store-tsutaya.tsite.jp/library/media/cosmo/cosmo_common/scripts/header.js:71)

  phantomjs://platform/console++.js:263 in error
[ERROR - 2019-04-25T11:38:11.087Z] Session [3170d920-674e-11e9-9417-41374ba08e66] - page.onError - msg: TypeError: undefined is not an object (evaluating 'searchToggle.length')

  phantomjs://platform/console++.js:263 in error
[ERROR - 2019-04-25T11:38:11.088Z] Session [3170d920-674e-11e9-9417-41374ba08e66] - page.onError - stack:
  spSearchMenu (https://store-tsutaya.tsite.jp/library/media/cosmo/cosmo_common/scripts/header.js:9)
  (anonymous function) (https://store-tsutaya.tsite.jp/library/media/cosmo/cosmo_common/scripts/header.js:71)

  phantomjs://platform/console++.js:263 in error
[ERROR - 2019-04-25T11:38:14.117Z] Session [3170d920-674e-11e9-9417-41374ba08e66] - page.onError - msg: TypeError: undefined is not an object (evaluating 'searchToggle.length')

  phantomjs://platform/console++.js:263 in error
[ERROR - 2019-04-25T11:38:14.117Z] Session [3170d920-674e-11e9-9417-41374ba08e66] - page.onError - stack:
  spSearchMenu (https://store-tsutaya.tsite.jp/library/media/cosmo/cosmo_common/scripts/header.js:9)
  (anonymous function) (https://store-tsutaya.tsite.jp/library/media/cosmo/cosmo_common/scripts/header.js:71)

  phantomjs://platform/console++.js:263 in error
[ERROR - 2019-04-25T11:38:17.037Z] Session [3170d920-674e-11e9-9417-41374ba08e66] - page.onError - msg: TypeError: undefined is not an object (evaluating 'searchToggle.length')

  phantomjs://platform/console++.js:263 in error
[ERROR - 2019-04-25T11:38:17.038Z] Session [3170d920-674e-11e9-9417-41374ba08e66] - page.onError - stack:
  spSearchMenu (https://store-tsutaya.tsite.jp/library/media/cosmo/cosmo_common/scripts/header.js:9)
  (anonymous function) (https://store-tsutaya.tsite.jp/library/media/cosmo/cosmo_common/scripts/header.js:71)

  phantomjs://platform/console++.js:263 in error
[ERROR - 2019-04-25T11:38:20.426Z] Session [3170d920-674e-11e9-9417-41374ba08e66] - page.onError - msg: TypeError: undefined is not an object (evaluating 'searchToggle.length')

  phantomjs://platform/console++.js:263 in error
[ERROR - 2019-04-25T11:38:20.426Z] Session [3170d920-674e-11e9-9417-41374ba08e66] - page.onError - stack:
  spSearchMenu (https://store-tsutaya.tsite.jp/library/media/cosmo/cosmo_common/scripts/header.js:9)
  (anonymous function) (https://store-tsutaya.tsite.jp/library/media/cosmo/cosmo_common/scripts/header.js:71)

  phantomjs://platform/console++.js:263 in error
[ERROR - 2019-04-25T11:38:23.432Z] Session [3170d920-674e-11e9-9417-41374ba08e66] - page.onError - msg: TypeError: undefined is not an object (evaluating 'searchToggle.length')

  phantomjs://platform/console++.js:263 in error
[ERROR - 2019-04-25T11:38:23.433Z] Session [3170d920-674e-11e9-9417-41374ba08e66] - page.onError - stack:
  spSearchMenu (https://store-tsutaya.tsite.jp/library/media/cosmo/cosmo_common/scripts/header.js:9)
  (anonymous function) (https://store-tsutaya.tsite.jp/library/media/cosmo/cosmo_common/scripts/header.js:71)

  phantomjs://platform/console++.js:263 in error
[ERROR - 2019-04-25T11:38:32.595Z] Session [3170d920-674e-11e9-9417-41374ba08e66] - page.onError - msg: TypeError: undefined is not an object (evaluating 'searchToggle.length')

  phantomjs://platform/console++.js:263 in error
[ERROR - 2019-04-25T11:38:32.595Z] Session [3170d920-674e-11e9-9417-41374ba08e66] - page.onError - stack:
  spSearchMenu (https://store-tsutaya.tsite.jp/library/media/cosmo/cosmo_common/scripts/header.js:9)
  (anonymous function) (https://store-tsutaya.tsite.jp/library/media/cosmo/cosmo_common/scripts/header.js:71)

  phantomjs://platform/console++.js:263 in error
[ERROR - 2019-04-25T11:38:35.653Z] Session [3170d920-674e-11e9-9417-41374ba08e66] - page.onError - msg: TypeError: undefined is not an object (evaluating 'searchToggle.length')

  phantomjs://platform/console++.js:263 in error
[ERROR - 2019-04-25T11:38:35.653Z] Session [3170d920-674e-11e9-9417-41374ba08e66] - page.onError - stack:
  spSearchMenu (https://store-tsutaya.tsite.jp/library/media/cosmo/cosmo_common/scripts/header.js:9)
  (anonymous function) (https://store-tsutaya.tsite.jp/library/media/cosmo/cosmo_common/scripts/header.js:71)

  phantomjs://platform/console++.js:263 in error
[ERROR - 2019-04-25T11:38:38.768Z] Session [3170d920-674e-11e9-9417-41374ba08e66] - page.onError - msg: TypeError: undefined is not an object (evaluating 'searchToggle.length')

  phantomjs://platform/console++.js:263 in error
[ERROR - 2019-04-25T11:38:38.768Z] Session [3170d920-674e-11e9-9417-41374ba08e66] - page.onError - stack:
  spSearchMenu (https://store-tsutaya.tsite.jp/library/media/cosmo/cosmo_common/scripts/header.js:9)
  (anonymous function) (https://store-tsutaya.tsite.jp/library/media/cosmo/cosmo_common/scripts/header.js:71)

  phantomjs://platform/console++.js:263 in error
[ERROR - 2019-04-25T11:38:42.687Z] Session [3170d920-674e-11e9-9417-41374ba08e66] - page.onError - msg: TypeError: undefined is not an object (evaluating 'searchToggle.length')

  phantomjs://platform/console++.js:263 in error
[ERROR - 2019-04-25T11:38:42.688Z] Session [3170d920-674e-11e9-9417-41374ba08e66] - page.onError - stack:
  spSearchMenu (https://store-tsutaya.tsite.jp/library/media/cosmo/cosmo_common/scripts/header.js:9)
  (anonymous function) (https://store-tsutaya.tsite.jp/library/media/cosmo/cosmo_common/scripts/header.js:71)

  phantomjs://platform/console++.js:263 in error
[ERROR - 2019-04-25T11:38:45.864Z] Session [3170d920-674e-11e9-9417-41374ba08e66] - page.onError - msg: TypeError: undefined is not an object (evaluating 'searchToggle.length')

  phantomjs://platform/console++.js:263 in error
[ERROR - 2019-04-25T11:38:45.864Z] Session [3170d920-674e-11e9-9417-41374ba08e66] - page.onError - stack:
  spSearchMenu (https://store-tsutaya.tsite.jp/library/media/cosmo/cosmo_common/scripts/header.js:9)
  (anonymous function) (https://store-tsutaya.tsite.jp/library/media/cosmo/cosmo_common/scripts/header.js:71)

  phantomjs://platform/console++.js:263 in error
[ERROR - 2019-04-25T11:38:48.958Z] Session [3170d920-674e-11e9-9417-41374ba08e66] - page.onError - msg: TypeError: undefined is not an object (evaluating 'searchToggle.length')

  phantomjs://platform/console++.js:263 in error
[ERROR - 2019-04-25T11:38:48.958Z] Session [3170d920-674e-11e9-9417-41374ba08e66] - page.onError - stack:
  spSearchMenu (https://store-tsutaya.tsite.jp/library/media/cosmo/cosmo_common/scripts/header.js:9)
  (anonymous function) (https://store-tsutaya.tsite.jp/library/media/cosmo/cosmo_common/scripts/header.js:71)

  phantomjs://platform/console++.js:263 in error
[ERROR - 2019-04-25T11:38:52.039Z] Session [3170d920-674e-11e9-9417-41374ba08e66] - page.onError - msg: TypeError: undefined is not an object (evaluating 'searchToggle.length')

  phantomjs://platform/console++.js:263 in error
[ERROR - 2019-04-25T11:38:52.039Z] Session [3170d920-674e-11e9-9417-41374ba08e66] - page.onError - stack:
  spSearchMenu (https://store-tsutaya.tsite.jp/library/media/cosmo/cosmo_common/scripts/header.js:9)
  (anonymous function) (https://store-tsutaya.tsite.jp/library/media/cosmo/cosmo_common/scripts/header.js:71)

  phantomjs://platform/console++.js:263 in error
[ERROR - 2019-04-25T11:38:56.074Z] Session [3170d920-674e-11e9-9417-41374ba08e66] - page.onError - msg: TypeError: undefined is not an object (evaluating 'searchToggle.length')

  phantomjs://platform/console++.js:263 in error
[ERROR - 2019-04-25T11:38:56.074Z] Session [3170d920-674e-11e9-9417-41374ba08e66] - page.onError - stack:
  spSearchMenu (https://store-tsutaya.tsite.jp/library/media/cosmo/cosmo_common/scripts/header.js:9)
  (anonymous function) (https://store-tsutaya.tsite.jp/library/media/cosmo/cosmo_common/scripts/header.js:71)

  phantomjs://platform/console++.js:263 in error
[ERROR - 2019-04-25T11:38:58.969Z] Session [3170d920-674e-11e9-9417-41374ba08e66] - page.onError - msg: TypeError: undefined is not an object (evaluating 'searchToggle.length')

  phantomjs://platform/console++.js:263 in error
[ERROR - 2019-04-25T11:38:58.969Z] Session [3170d920-674e-11e9-9417-41374ba08e66] - page.onError - stack:
  spSearchMenu (https://store-tsutaya.tsite.jp/library/media/cosmo/cosmo_common/scripts/header.js:9)
  (anonymous function) (https://store-tsutaya.tsite.jp/library/media/cosmo/cosmo_common/scripts/header.js:71)

  phantomjs://platform/console++.js:263 in error
[ERROR - 2019-04-25T11:39:02.679Z] Session [3170d920-674e-11e9-9417-41374ba08e66] - page.onError - msg: TypeError: undefined is not an object (evaluating 'searchToggle.length')

  phantomjs://platform/console++.js:263 in error
[ERROR - 2019-04-25T11:39:02.680Z] Session [3170d920-674e-11e9-9417-41374ba08e66] - page.onError - stack:
  spSearchMenu (https://store-tsutaya.tsite.jp/library/media/cosmo/cosmo_common/scripts/header.js:9)
  (anonymous function) (https://store-tsutaya.tsite.jp/library/media/cosmo/cosmo_common/scripts/header.js:71)

  phantomjs://platform/console++.js:263 in error
[ERROR - 2019-04-25T11:39:06.002Z] Session [3170d920-674e-11e9-9417-41374ba08e66] - page.onError - msg: TypeError: undefined is not an object (evaluating 'searchToggle.length')

  phantomjs://platform/console++.js:263 in error
[ERROR - 2019-04-25T11:39:06.002Z] Session [3170d920-674e-11e9-9417-41374ba08e66] - page.onError - stack:
  spSearchMenu (https://store-tsutaya.tsite.jp/library/media/cosmo/cosmo_common/scripts/header.js:9)
  (anonymous function) (https://store-tsutaya.tsite.jp/library/media/cosmo/cosmo_common/scripts/header.js:71)

  phantomjs://platform/console++.js:263 in error
[ERROR - 2019-04-25T11:39:08.967Z] Session [3170d920-674e-11e9-9417-41374ba08e66] - page.onError - msg: TypeError: undefined is not an object (evaluating 'searchToggle.length')

  phantomjs://platform/console++.js:263 in error
[ERROR - 2019-04-25T11:39:08.967Z] Session [3170d920-674e-11e9-9417-41374ba08e66] - page.onError - stack:
  spSearchMenu (https://store-tsutaya.tsite.jp/library/media/cosmo/cosmo_common/scripts/header.js:9)
  (anonymous function) (https://store-tsutaya.tsite.jp/library/media/cosmo/cosmo_common/scripts/header.js:71)

  phantomjs://platform/console++.js:263 in error
[ERROR - 2019-04-25T11:39:12.913Z] Session [3170d920-674e-11e9-9417-41374ba08e66] - page.onError - msg: TypeError: undefined is not an object (evaluating 'searchToggle.length')

  phantomjs://platform/console++.js:263 in error
[ERROR - 2019-04-25T11:39:12.913Z] Session [3170d920-674e-11e9-9417-41374ba08e66] - page.onError - stack:
  spSearchMenu (https://store-tsutaya.tsite.jp/library/media/cosmo/cosmo_common/scripts/header.js:9)
  (anonymous function) (https://store-tsutaya.tsite.jp/library/media/cosmo/cosmo_common/scripts/header.js:71)

  phantomjs://platform/console++.js:263 in error
[ERROR - 2019-04-25T11:39:16.133Z] Session [3170d920-674e-11e9-9417-41374ba08e66] - page.onError - msg: TypeError: undefined is not an object (evaluating 'searchToggle.length')

  phantomjs://platform/console++.js:263 in error
[ERROR - 2019-04-25T11:39:16.133Z] Session [3170d920-674e-11e9-9417-41374ba08e66] - page.onError - stack:
  spSearchMenu (https://store-tsutaya.tsite.jp/library/media/cosmo/cosmo_common/scripts/header.js:9)
  (anonymous function) (https://store-tsutaya.tsite.jp/library/media/cosmo/cosmo_common/scripts/header.js:71)

  phantomjs://platform/console++.js:263 in error
[ERROR - 2019-04-25T11:39:24.505Z] Session [3170d920-674e-11e9-9417-41374ba08e66] - page.onError - msg: TypeError: undefined is not an object (evaluating 'searchToggle.length')

  phantomjs://platform/console++.js:263 in error
[ERROR - 2019-04-25T11:39:24.505Z] Session [3170d920-674e-11e9-9417-41374ba08e66] - page.onError - stack:
  spSearchMenu (https://store-tsutaya.tsite.jp/library/media/cosmo/cosmo_common/scripts/header.js:9)
  (anonymous function) (https://store-tsutaya.tsite.jp/library/media/cosmo/cosmo_common/scripts/header.js:71)

  phantomjs://platform/console++.js:263 in error
[ERROR - 2019-04-25T11:39:27.927Z] Session [3170d920-674e-11e9-9417-41374ba08e66] - page.onError - msg: TypeError: undefined is not an object (evaluating 'searchToggle.length')

  phantomjs://platform/console++.js:263 in error
[ERROR - 2019-04-25T11:39:27.927Z] Session [3170d920-674e-11e9-9417-41374ba08e66] - page.onError - stack:
  spSearchMenu (https://store-tsutaya.tsite.jp/library/media/cosmo/cosmo_common/scripts/header.js:9)
  (anonymous function) (https://store-tsutaya.tsite.jp/library/media/cosmo/cosmo_common/scripts/header.js:71)

  phantomjs://platform/console++.js:263 in error
[ERROR - 2019-04-25T11:39:30.999Z] Session [3170d920-674e-11e9-9417-41374ba08e66] - page.onError - msg: TypeError: undefined is not an object (evaluating 'searchToggle.length')

  phantomjs://platform/console++.js:263 in error
[ERROR - 2019-04-25T11:39:31.000Z] Session [3170d920-674e-11e9-9417-41374ba08e66] - page.onError - stack:
  spSearchMenu (https://store-tsutaya.tsite.jp/library/media/cosmo/cosmo_common/scripts/header.js:9)
  (anonymous function) (https://store-tsutaya.tsite.jp/library/media/cosmo/cosmo_common/scripts/header.js:71)

  phantomjs://platform/console++.js:263 in error
[ERROR - 2019-04-25T11:39:34.308Z] Session [3170d920-674e-11e9-9417-41374ba08e66] - page.onError - msg: TypeError: undefined is not an object (evaluating 'searchToggle.length')

  phantomjs://platform/console++.js:263 in error
[ERROR - 2019-04-25T11:39:34.308Z] Session [3170d920-674e-11e9-9417-41374ba08e66] - page.onError - stack:
  spSearchMenu (https://store-tsutaya.tsite.jp/library/media/cosmo/cosmo_common/scripts/header.js:9)
  (anonymous function) (https://store-tsutaya.tsite.jp/library/media/cosmo/cosmo_common/scripts/header.js:71)

  phantomjs://platform/console++.js:263 in error
[ERROR - 2019-04-25T11:39:37.300Z] Session [3170d920-674e-11e9-9417-41374ba08e66] - page.onError - msg: TypeError: undefined is not an object (evaluating 'searchToggle.length')

  phantomjs://platform/console++.js:263 in error
[ERROR - 2019-04-25T11:39:37.301Z] Session [3170d920-674e-11e9-9417-41374ba08e66] - page.onError - stack:
  spSearchMenu (https://store-tsutaya.tsite.jp/library/media/cosmo/cosmo_common/scripts/header.js:9)
  (anonymous function) (https://store-tsutaya.tsite.jp/library/media/cosmo/cosmo_common/scripts/header.js:71)

  phantomjs://platform/console++.js:263 in error
[ERROR - 2019-04-25T11:39:40.630Z] Session [3170d920-674e-11e9-9417-41374ba08e66] - page.onError - msg: TypeError: undefined is not an object (evaluating 'searchToggle.length')

  phantomjs://platform/console++.js:263 in error
[ERROR - 2019-04-25T11:39:40.630Z] Session [3170d920-674e-11e9-9417-41374ba08e66] - page.onError - stack:
  spSearchMenu (https://store-tsutaya.tsite.jp/library/media/cosmo/cosmo_common/scripts/header.js:9)
  (anonymous function) (https://store-tsutaya.tsite.jp/library/media/cosmo/cosmo_common/scripts/header.js:71)

  phantomjs://platform/console++.js:263 in error
[ERROR - 2019-04-25T11:39:43.808Z] Session [3170d920-674e-11e9-9417-41374ba08e66] - page.onError - msg: TypeError: undefined is not an object (evaluating 'searchToggle.length')

  phantomjs://platform/console++.js:263 in error
[ERROR - 2019-04-25T11:39:43.808Z] Session [3170d920-674e-11e9-9417-41374ba08e66] - page.onError - stack:
  spSearchMenu (https://store-tsutaya.tsite.jp/library/media/cosmo/cosmo_common/scripts/header.js:9)
  (anonymous function) (https://store-tsutaya.tsite.jp/library/media/cosmo/cosmo_common/scripts/header.js:71)

  phantomjs://platform/console++.js:263 in error
[ERROR - 2019-04-25T11:39:46.810Z] Session [3170d920-674e-11e9-9417-41374ba08e66] - page.onError - msg: TypeError: undefined is not an object (evaluating 'searchToggle.length')

  phantomjs://platform/console++.js:263 in error
[ERROR - 2019-04-25T11:39:46.811Z] Session [3170d920-674e-11e9-9417-41374ba08e66] - page.onError - stack:
  spSearchMenu (https://store-tsutaya.tsite.jp/library/media/cosmo/cosmo_common/scripts/header.js:9)
  (anonymous function) (https://store-tsutaya.tsite.jp/library/media/cosmo/cosmo_common/scripts/header.js:71)

  phantomjs://platform/console++.js:263 in error
[ERROR - 2019-04-25T11:39:50.558Z] Session [3170d920-674e-11e9-9417-41374ba08e66] - page.onError - msg: TypeError: undefined is not an object (evaluating 'searchToggle.length')

  phantomjs://platform/console++.js:263 in error
[ERROR - 2019-04-25T11:39:50.559Z] Session [3170d920-674e-11e9-9417-41374ba08e66] - page.onError - stack:
  spSearchMenu (https://store-tsutaya.tsite.jp/library/media/cosmo/cosmo_common/scripts/header.js:9)
  (anonymous function) (https://store-tsutaya.tsite.jp/library/media/cosmo/cosmo_common/scripts/header.js:71)

  phantomjs://platform/console++.js:263 in error
[ERROR - 2019-04-25T11:39:54.499Z] Session [3170d920-674e-11e9-9417-41374ba08e66] - page.onError - msg: TypeError: undefined is not an object (evaluating 'searchToggle.length')

  phantomjs://platform/console++.js:263 in error
[ERROR - 2019-04-25T11:39:54.499Z] Session [3170d920-674e-11e9-9417-41374ba08e66] - page.onError - stack:
  spSearchMenu (https://store-tsutaya.tsite.jp/library/media/cosmo/cosmo_common/scripts/header.js:9)
  (anonymous function) (https://store-tsutaya.tsite.jp/library/media/cosmo/cosmo_common/scripts/header.js:71)

  phantomjs://platform/console++.js:263 in error
[ERROR - 2019-04-25T11:39:57.639Z] Session [3170d920-674e-11e9-9417-41374ba08e66] - page.onError - msg: TypeError: undefined is not an object (evaluating 'searchToggle.length')

  phantomjs://platform/console++.js:263 in error
[ERROR - 2019-04-25T11:39:57.639Z] Session [3170d920-674e-11e9-9417-41374ba08e66] - page.onError - stack:
  spSearchMenu (https://store-tsutaya.tsite.jp/library/media/cosmo/cosmo_common/scripts/header.js:9)
  (anonymous function) (https://store-tsutaya.tsite.jp/library/media/cosmo/cosmo_common/scripts/header.js:71)

  phantomjs://platform/console++.js:263 in error
[ERROR - 2019-04-25T11:40:01.035Z] Session [3170d920-674e-11e9-9417-41374ba08e66] - page.onError - msg: TypeError: undefined is not an object (evaluating 'searchToggle.length')

  phantomjs://platform/console++.js:263 in error
[ERROR - 2019-04-25T11:40:01.035Z] Session [3170d920-674e-11e9-9417-41374ba08e66] - page.onError - stack:
  spSearchMenu (https://store-tsutaya.tsite.jp/library/media/cosmo/cosmo_common/scripts/header.js:9)
  (anonymous function) (https://store-tsutaya.tsite.jp/library/media/cosmo/cosmo_common/scripts/header.js:71)

  phantomjs://platform/console++.js:263 in error
[ERROR - 2019-04-25T11:40:04.172Z] Session [3170d920-674e-11e9-9417-41374ba08e66] - page.onError - msg: TypeError: undefined is not an object (evaluating 'searchToggle.length')

  phantomjs://platform/console++.js:263 in error
[ERROR - 2019-04-25T11:40:04.173Z] Session [3170d920-674e-11e9-9417-41374ba08e66] - page.onError - stack:
  spSearchMenu (https://store-tsutaya.tsite.jp/library/media/cosmo/cosmo_common/scripts/header.js:9)
  (anonymous function) (https://store-tsutaya.tsite.jp/library/media/cosmo/cosmo_common/scripts/header.js:71)

  phantomjs://platform/console++.js:263 in error
[ERROR - 2019-04-25T11:40:07.206Z] Session [3170d920-674e-11e9-9417-41374ba08e66] - page.onError - msg: TypeError: undefined is not an object (evaluating 'searchToggle.length')

  phantomjs://platform/console++.js:263 in error
[ERROR - 2019-04-25T11:40:07.206Z] Session [3170d920-674e-11e9-9417-41374ba08e66] - page.onError - stack:
  spSearchMenu (https://store-tsutaya.tsite.jp/library/media/cosmo/cosmo_common/scripts/header.js:9)
  (anonymous function) (https://store-tsutaya.tsite.jp/library/media/cosmo/cosmo_common/scripts/header.js:71)

  phantomjs://platform/console++.js:263 in error
[INFO  - 2019-04-25T11:40:10.628Z] SessionManagerReqHand - _cleanupWindowlessSessions - Asynchronous Sessions clean-up phase starting NOW
[ERROR - 2019-04-25T11:40:10.864Z] Session [3170d920-674e-11e9-9417-41374ba08e66] - page.onError - msg: TypeError: undefined is not an object (evaluating 'searchToggle.length')

  phantomjs://platform/console++.js:263 in error
[ERROR - 2019-04-25T11:40:10.864Z] Session [3170d920-674e-11e9-9417-41374ba08e66] - page.onError - stack:
  spSearchMenu (https://store-tsutaya.tsite.jp/library/media/cosmo/cosmo_common/scripts/header.js:9)
  (anonymous function) (https://store-tsutaya.tsite.jp/library/media/cosmo/cosmo_common/scripts/header.js:71)

  phantomjs://platform/console++.js:263 in error
[ERROR - 2019-04-25T11:40:14.050Z] Session [3170d920-674e-11e9-9417-41374ba08e66] - page.onError - msg: TypeError: undefined is not an object (evaluating 'searchToggle.length')

  phantomjs://platform/console++.js:263 in error
[ERROR - 2019-04-25T11:40:14.050Z] Session [3170d920-674e-11e9-9417-41374ba08e66] - page.onError - stack:
  spSearchMenu (https://store-tsutaya.tsite.jp/library/media/cosmo/cosmo_common/scripts/header.js:9)
  (anonymous function) (https://store-tsutaya.tsite.jp/library/media/cosmo/cosmo_common/scripts/header.js:71)

  phantomjs://platform/console++.js:263 in error
[ERROR - 2019-04-25T11:40:17.070Z] Session [3170d920-674e-11e9-9417-41374ba08e66] - page.onError - msg: TypeError: undefined is not an object (evaluating 'searchToggle.length')

  phantomjs://platform/console++.js:263 in error
[ERROR - 2019-04-25T11:40:17.070Z] Session [3170d920-674e-11e9-9417-41374ba08e66] - page.onError - stack:
  spSearchMenu (https://store-tsutaya.tsite.jp/library/media/cosmo/cosmo_common/scripts/header.js:9)
  (anonymous function) (https://store-tsutaya.tsite.jp/library/media/cosmo/cosmo_common/scripts/header.js:71)

  phantomjs://platform/console++.js:263 in error
[ERROR - 2019-04-25T11:40:21.087Z] Session [3170d920-674e-11e9-9417-41374ba08e66] - page.onError - msg: TypeError: undefined is not an object (evaluating 'searchToggle.length')

  phantomjs://platform/console++.js:263 in error
[ERROR - 2019-04-25T11:40:21.087Z] Session [3170d920-674e-11e9-9417-41374ba08e66] - page.onError - stack:
  spSearchMenu (https://store-tsutaya.tsite.jp/library/media/cosmo/cosmo_common/scripts/header.js:9)
  (anonymous function) (https://store-tsutaya.tsite.jp/library/media/cosmo/cosmo_common/scripts/header.js:71)

  phantomjs://platform/console++.js:263 in error
[ERROR - 2019-04-25T11:40:24.140Z] Session [3170d920-674e-11e9-9417-41374ba08e66] - page.onError - msg: TypeError: undefined is not an object (evaluating 'searchToggle.length')

  phantomjs://platform/console++.js:263 in error
[ERROR - 2019-04-25T11:40:24.140Z] Session [3170d920-674e-11e9-9417-41374ba08e66] - page.onError - stack:
  spSearchMenu (https://store-tsutaya.tsite.jp/library/media/cosmo/cosmo_common/scripts/header.js:9)
  (anonymous function) (https://store-tsutaya.tsite.jp/library/media/cosmo/cosmo_common/scripts/header.js:71)

  phantomjs://platform/console++.js:263 in error
[ERROR - 2019-04-25T11:40:30.684Z] Session [3170d920-674e-11e9-9417-41374ba08e66] - page.onError - msg: TypeError: undefined is not an object (evaluating 'searchToggle.length')

  phantomjs://platform/console++.js:263 in error
[ERROR - 2019-04-25T11:40:30.684Z] Session [3170d920-674e-11e9-9417-41374ba08e66] - page.onError - stack:
  spSearchMenu (https://store-tsutaya.tsite.jp/library/media/cosmo/cosmo_common/scripts/header.js:9)
  (anonymous function) (https://store-tsutaya.tsite.jp/library/media/cosmo/cosmo_common/scripts/header.js:71)

  phantomjs://platform/console++.js:263 in error
[ERROR - 2019-04-25T11:40:40.637Z] Session [3170d920-674e-11e9-9417-41374ba08e66] - page.onError - msg: TypeError: undefined is not an object (evaluating 'searchToggle.length')

  phantomjs://platform/console++.js:263 in error
[ERROR - 2019-04-25T11:40:40.637Z] Session [3170d920-674e-11e9-9417-41374ba08e66] - page.onError - stack:
  spSearchMenu (https://store-tsutaya.tsite.jp/library/media/cosmo/cosmo_common/scripts/header.js:9)
  (anonymous function) (https://store-tsutaya.tsite.jp/library/media/cosmo/cosmo_common/scripts/header.js:71)

  phantomjs://platform/console++.js:263 in error
[ERROR - 2019-04-25T11:40:43.496Z] Session [3170d920-674e-11e9-9417-41374ba08e66] - page.onError - msg: TypeError: undefined is not an object (evaluating 'searchToggle.length')

  phantomjs://platform/console++.js:263 in error
[ERROR - 2019-04-25T11:40:43.497Z] Session [3170d920-674e-11e9-9417-41374ba08e66] - page.onError - stack:
  spSearchMenu (https://store-tsutaya.tsite.jp/library/media/cosmo/cosmo_common/scripts/header.js:9)
  (anonymous function) (https://store-tsutaya.tsite.jp/library/media/cosmo/cosmo_common/scripts/header.js:71)

  phantomjs://platform/console++.js:263 in error
[ERROR - 2019-04-25T11:40:49.989Z] Session [3170d920-674e-11e9-9417-41374ba08e66] - page.onError - msg: TypeError: undefined is not an object (evaluating 'searchToggle.length')

  phantomjs://platform/console++.js:263 in error
[ERROR - 2019-04-25T11:40:49.989Z] Session [3170d920-674e-11e9-9417-41374ba08e66] - page.onError - stack:
  spSearchMenu (https://store-tsutaya.tsite.jp/library/media/cosmo/cosmo_common/scripts/header.js:9)
  (anonymous function) (https://store-tsutaya.tsite.jp/library/media/cosmo/cosmo_common/scripts/header.js:71)

  phantomjs://platform/console++.js:263 in error
[ERROR - 2019-04-25T11:40:53.513Z] Session [3170d920-674e-11e9-9417-41374ba08e66] - page.onError - msg: TypeError: undefined is not an object (evaluating 'searchToggle.length')

  phantomjs://platform/console++.js:263 in error
[ERROR - 2019-04-25T11:40:53.513Z] Session [3170d920-674e-11e9-9417-41374ba08e66] - page.onError - stack:
  spSearchMenu (https://store-tsutaya.tsite.jp/library/media/cosmo/cosmo_common/scripts/header.js:9)
  (anonymous function) (https://store-tsutaya.tsite.jp/library/media/cosmo/cosmo_common/scripts/header.js:71)

  phantomjs://platform/console++.js:263 in error
[ERROR - 2019-04-25T11:40:56.687Z] Session [3170d920-674e-11e9-9417-41374ba08e66] - page.onError - msg: TypeError: undefined is not an object (evaluating 'searchToggle.length')

  phantomjs://platform/console++.js:263 in error
[ERROR - 2019-04-25T11:40:56.687Z] Session [3170d920-674e-11e9-9417-41374ba08e66] - page.onError - stack:
  spSearchMenu (https://store-tsutaya.tsite.jp/library/media/cosmo/cosmo_common/scripts/header.js:9)
  (anonymous function) (https://store-tsutaya.tsite.jp/library/media/cosmo/cosmo_common/scripts/header.js:71)

  phantomjs://platform/console++.js:263 in error
[ERROR - 2019-04-25T11:40:59.726Z] Session [3170d920-674e-11e9-9417-41374ba08e66] - page.onError - msg: TypeError: undefined is not an object (evaluating 'searchToggle.length')

  phantomjs://platform/console++.js:263 in error
[ERROR - 2019-04-25T11:40:59.727Z] Session [3170d920-674e-11e9-9417-41374ba08e66] - page.onError - stack:
  spSearchMenu (https://store-tsutaya.tsite.jp/library/media/cosmo/cosmo_common/scripts/header.js:9)
  (anonymous function) (https://store-tsutaya.tsite.jp/library/media/cosmo/cosmo_common/scripts/header.js:71)

  phantomjs://platform/console++.js:263 in error
[ERROR - 2019-04-25T11:41:12.084Z] Session [3170d920-674e-11e9-9417-41374ba08e66] - page.onError - msg: TypeError: undefined is not an object (evaluating 'searchToggle.length')

  phantomjs://platform/console++.js:263 in error
[ERROR - 2019-04-25T11:41:12.084Z] Session [3170d920-674e-11e9-9417-41374ba08e66] - page.onError - stack:
  spSearchMenu (https://store-tsutaya.tsite.jp/library/media/cosmo/cosmo_common/scripts/header.js:9)
  (anonymous function) (https://store-tsutaya.tsite.jp/library/media/cosmo/cosmo_common/scripts/header.js:71)

  phantomjs://platform/console++.js:263 in error
[ERROR - 2019-04-25T11:41:19.076Z] Session [3170d920-674e-11e9-9417-41374ba08e66] - page.onError - msg: TypeError: undefined is not an object (evaluating 'searchToggle.length')

  phantomjs://platform/console++.js:263 in error
[ERROR - 2019-04-25T11:41:19.077Z] Session [3170d920-674e-11e9-9417-41374ba08e66] - page.onError - stack:
  spSearchMenu (https://store-tsutaya.tsite.jp/library/media/cosmo/cosmo_common/scripts/header.js:9)
  (anonymous function) (https://store-tsutaya.tsite.jp/library/media/cosmo/cosmo_common/scripts/header.js:71)

  phantomjs://platform/console++.js:263 in error
[ERROR - 2019-04-25T11:41:28.241Z] Session [3170d920-674e-11e9-9417-41374ba08e66] - page.onError - msg: TypeError: undefined is not an object (evaluating 'searchToggle.length')

  phantomjs://platform/console++.js:263 in error
[ERROR - 2019-04-25T11:41:28.241Z] Session [3170d920-674e-11e9-9417-41374ba08e66] - page.onError - stack:
  spSearchMenu (https://store-tsutaya.tsite.jp/library/media/cosmo/cosmo_common/scripts/header.js:9)
  (anonymous function) (https://store-tsutaya.tsite.jp/library/media/cosmo/cosmo_common/scripts/header.js:71)

  phantomjs://platform/console++.js:263 in error
[ERROR - 2019-04-25T11:41:32.198Z] Session [3170d920-674e-11e9-9417-41374ba08e66] - page.onError - msg: TypeError: undefined is not an object (evaluating 'searchToggle.length')

  phantomjs://platform/console++.js:263 in error
[ERROR - 2019-04-25T11:41:32.198Z] Session [3170d920-674e-11e9-9417-41374ba08e66] - page.onError - stack:
  spSearchMenu (https://store-tsutaya.tsite.jp/library/media/cosmo/cosmo_common/scripts/header.js:9)
  (anonymous function) (https://store-tsutaya.tsite.jp/library/media/cosmo/cosmo_common/scripts/header.js:71)

  phantomjs://platform/console++.js:263 in error
[ERROR - 2019-04-25T11:41:35.343Z] Session [3170d920-674e-11e9-9417-41374ba08e66] - page.onError - msg: TypeError: undefined is not an object (evaluating 'searchToggle.length')

  phantomjs://platform/console++.js:263 in error
[ERROR - 2019-04-25T11:41:35.343Z] Session [3170d920-674e-11e9-9417-41374ba08e66] - page.onError - stack:
  spSearchMenu (https://store-tsutaya.tsite.jp/library/media/cosmo/cosmo_common/scripts/header.js:9)
  (anonymous function) (https://store-tsutaya.tsite.jp/library/media/cosmo/cosmo_common/scripts/header.js:71)

  phantomjs://platform/console++.js:263 in error
[ERROR - 2019-04-25T11:41:38.115Z] Session [3170d920-674e-11e9-9417-41374ba08e66] - page.onError - msg: TypeError: undefined is not an object (evaluating 'searchToggle.length')

  phantomjs://platform/console++.js:263 in error
[ERROR - 2019-04-25T11:41:38.115Z] Session [3170d920-674e-11e9-9417-41374ba08e66] - page.onError - stack:
  spSearchMenu (https://store-tsutaya.tsite.jp/library/media/cosmo/cosmo_common/scripts/header.js:9)
  (anonymous function) (https://store-tsutaya.tsite.jp/library/media/cosmo/cosmo_common/scripts/header.js:71)

  phantomjs://platform/console++.js:263 in error
